Arguments: 
  /usr/local/bin/node /usr/local/bin/yarn add eslint --save-dev

PATH: 
  /usr/local/bin:/usr/bin:/bin:/usr/sbin:/sbin

Yarn version: 
  1.12.3

Node version: 
  10.10.0

Platform: 
  darwin x64

Trace: 
  Error: ENOENT: no such file or directory, copyfile '/usr/local/share/Library/Caches/Yarn/v4/npm-ms-2.1.1-30a5864eb3ebb0a66f2ebe6d727af06a09d86e0a/node_modules/ms/license.md' -> '/Users/liswi/Desktop/learnSpace/canvas/test1.0/node_modules/@babel/core/node_modules/ms/license.md'

npm manifest: 
  {
    "name": "canvas-test",
    "version": "1.0.0",
    "description": "学习构建一个canvas项目",
    "main": "index.js",
    "scripts": {
      "dev": "webpack-dev-server --config './config/webpack.config.js'",
      "test": "webpack --config './config/webpack.config.js'"
    },
    "keywords": [
      "canvas"
    ],
    "author": "lishiwei",
    "license": "ISC",
    "dependencies": {
      "@babel/core": "^7.2.0",
      "babel-loader": "^8.0.4",
      "clean-webpack-plugin": "^1.0.0",
      "css-loader": "^2.0.0",
      "extract-text-webpack-plugin": "^3.0.2",
      "html-webpack-plugin": "^3.2.0",
      "is-fullwidth-code-point": "^2.0.0",
      "json-parse-better-errors": "^1.0.2",
      "loader-runner": "^2.3.1",
      "micromatch": "^3.1.10",
      "postcss-loader": "^3.0.0",
      "resolve-cwd": "^2.0.0",
      "resolve-from": "^4.0.0",
      "strip-ansi": "^5.0.0",
      "style-loader": "^0.23.1",
      "uglifyjs-webpack-plugin": "^2.0.1",
      "webpack": "^4.27.1",
      "webpack-cli": "^3.1.2",
      "webpack-sources": "^1.3.0"
    },
    "devDependencies": {
      "babel-core": "^6.26.3",
      "babel-loader": "^8.0.4",
      "babel-plugin-react-transform": "^3.0.0",
      "babel-preset-env": "^1.7.0",
      "babel-preset-react": "^6.24.1",
      "eslint": "^5.10.0",
      "react-transform-hmr": "^1.0.4",
      "webpack-cli": "^3.1.2",
      "webpack-dev-server": "^3.1.10",
      "webpackbar": "^3.1.4"
    }
  }

yarn manifest: 
  No manifest

Lockfile: 
  No lockfile
